<?xml version="1.0" encoding="UTF-8"?>
<!-- Generated by org.testng.reporters.JUnitXMLReporter -->
<testsuite ignored="0" hostname="LAPTOP-FG7AV7IL" failures="0" tests="4" name="Manik Vai" time="37.707" errors="0" timestamp="2020-06-07T17:49:46 EDT">
  <testcase classname="com.test.TestNG_Basic" name="OSALogoTest" time="0.076"/>
  <testcase classname="com.test.TestNG_Basic" name="OSATitleTest" time="0.019"/>
  <testcase classname="com.test.TestNG_Demo" name="facebookTitleTest" time="0.004"/>
  <testcase classname="com.test.TestNG_Demo" name="facebookURLTest" time="0.003"/>
</testsuite> <!-- Manik Vai -->
