<?xml version="1.0" encoding="UTF-8"?>
<!-- Generated by org.testng.reporters.JUnitXMLReporter -->
<testsuite ignored="0" hostname="LAPTOP-FG7AV7IL" failures="0" tests="8" name="Regression Test" time="0.021" errors="0" timestamp="2020-06-07T17:54:29 EDT">
  <testcase classname="com.test.InvocationCount" name="add" time="0.001"/>
  <testcase classname="com.test.InvocationCount" name="add" time="0.001"/>
  <testcase classname="com.test.InvocationCount" name="add" time="0.0"/>
  <testcase classname="com.test.InvocationCount" name="add" time="0.001"/>
  <testcase classname="com.test.InvocationCount" name="add" time="0.002"/>
  <testcase classname="com.test.TestNG_Features" name="loginTest" time="0.001"/>
  <testcase classname="com.test.TestNG_Features" name="forumTest" time="0.001"/>
  <testcase classname="com.test.TestNG_Features" name="interviewQuestionTest" time="0.001"/>
</testsuite> <!-- Regression Test -->
