<?xml version="1.0" encoding="UTF-8"?>
<!-- Generated by org.testng.reporters.JUnitXMLReporter -->
<testsuite ignored="0" hostname="LAPTOP-FG7AV7IL" failures="0" tests="4" name="Smoke Test" time="54.874" errors="0" timestamp="2020-06-07T17:54:29 EDT">
  <testcase classname="com.test.TestNG_Basic" name="OSALogoTest" time="0.112"/>
  <testcase classname="com.test.TestNG_Basic" name="OSATitleTest" time="0.01"/>
  <testcase classname="com.test.TestNG_Demo" name="facebookTitleTest" time="0.009"/>
  <testcase classname="com.test.TestNG_Demo" name="facebookURLTest" time="0.009"/>
</testsuite> <!-- Smoke Test -->
