<?xml version="1.0" encoding="UTF-8"?>
<!-- Generated by org.testng.reporters.JUnitXMLReporter -->
<testsuite ignored="1" hostname="LAPTOP-FG7AV7IL" failures="0" tests="7" name="Regression Test" time="48.504" errors="0" timestamp="2020-06-13T16:53:32 EDT">
  <testcase classname="com.test.TestNG_Basic" name="OSALogoTest" time="0.149"/>
  <testcase classname="com.test.TestNG_Basic" name="ForumLoginTest" time="2.936"/>
  <testcase classname="com.test.InvocationCount" name="add" time="0.004"/>
  <testcase classname="com.test.InvocationCount" name="add" time="0.007"/>
  <testcase classname="com.test.InvocationCount" name="add" time="0.006"/>
  <testcase classname="com.test.InvocationCount" name="add" time="0.004"/>
  <testcase classname="com.test.InvocationCount" name="add" time="0.004"/>
  <testcase classname="com.test.TestNG_Basic" name="OSATitleTest" time="0.0">
    <ignored/>
  </testcase> <!-- OSATitleTest -->
</testsuite> <!-- Regression Test -->
