<?xml version="1.0" encoding="UTF-8"?>
<!-- Generated by org.testng.reporters.JUnitXMLReporter -->
<testsuite ignored="3" hostname="LAPTOP-FG7AV7IL" failures="0" tests="2" name="Smoke Test" time="16.687" errors="0" timestamp="2020-06-13T16:53:48 EDT">
  <testcase classname="com.test.TestNG_Basic" name="ForumLoginTest" time="1.689"/>
  <testcase classname="com.test.TestNG_Demo" name="facebookTitleTest" time="0.002"/>
  <testcase classname="com.test.TestNG_Basic" name="OSATitleTest" time="0.0">
    <ignored/>
  </testcase> <!-- OSATitleTest -->
  <testcase classname="com.test.TestNG_Demo" name="facebookURLTest" time="0.0">
    <ignored/>
  </testcase> <!-- facebookURLTest -->
  <testcase classname="com.test.TestNG_Basic" name="OSALogoTest" time="0.0">
    <ignored/>
  </testcase> <!-- OSALogoTest -->
</testsuite> <!-- Smoke Test -->
