<?xml version="1.0" encoding="UTF-8"?>
<testng-results ignored="0" total="1" passed="1" failed="0" skipped="0">
  <reporter-output>
  </reporter-output>
  <suite started-at="2020-07-04T18:02:31 EDT" name="Default suite" finished-at="2020-07-04T18:02:38 EDT" duration-ms="7032">
    <groups>
    </groups>
    <test started-at="2020-07-04T18:02:31 EDT" name="Default test" finished-at="2020-07-04T18:02:38 EDT" duration-ms="7032">
      <class name="com.osa.base.Browser">
        <test-method signature="openB()[pri:0, instance:com.osa.base.Browser@158da8e]" started-at="2020-07-04T18:02:31 EDT" name="openB" finished-at="2020-07-04T18:02:38 EDT" duration-ms="6982" status="PASS">
          <reporter-output>
          </reporter-output>
        </test-method> <!-- openB -->
      </class> <!-- com.osa.base.Browser -->
    </test> <!-- Default test -->
  </suite> <!-- Default suite -->
</testng-results>
