<?xml version="1.0" encoding="UTF-8"?>
<!-- Generated by org.testng.reporters.JUnitXMLReporter -->
<testsuite ignored="2" hostname="LAPTOP-FG7AV7IL" failures="0" tests="3" name="Parameter Test" time="99.194" errors="0" timestamp="2020-06-07T18:44:18 EDT">
  <testcase classname="com.test.TestNG_Basic" name="OSATitleTest" time="0.019"/>
  <testcase classname="com.test.TestNG_Basic" name="ForumLoginTest" time="2.897"/>
  <testcase classname="com.test.TestNG_Demo" name="facebookTitleTest" time="0.001"/>
  <testcase classname="com.test.TestNG_Demo" name="facebookURLTest" time="0.0">
    <ignored/>
  </testcase> <!-- facebookURLTest -->
  <testcase classname="com.test.TestNG_Basic" name="OSALogoTest" time="0.0">
    <ignored/>
  </testcase> <!-- OSALogoTest -->
</testsuite> <!-- Parameter Test -->
